<?xml version="1.0" encoding="UTF-8"?>
<!-- Generated by org.testng.reporters.JUnitReportReporter -->
<testsuite skipped="0" hostname="DESKTOP-GASI4BN" name="lab1.sumTest" tests="1" failures="0" timestamp="27 三月 2019 00:38:36 GMT" time="0.001" errors="0">
  <testcase name="sumTestCase" time="0.001" classname="lab1.sumTest"/>
</testsuite> <!-- lab1.sumTest -->
