<?xml version="1.0" encoding="UTF-8"?>
<!-- Generated by org.testng.reporters.JUnitReportReporter -->
<testsuite skipped="0" hostname="DESKTOP-GASI4BN" name="lab1.multTest" tests="1" failures="0" timestamp="27 三月 2019 00:38:36 GMT" time="0.003" errors="0">
  <testcase name="multTestCase" time="0.003" classname="lab1.multTest"/>
</testsuite> <!-- lab1.multTest -->
