<?xml version="1.0" encoding="UTF-8"?>
<!-- Generated by org.testng.reporters.JUnitReportReporter -->
<testsuite skipped="0" hostname="DESKTOP-GASI4BN" name="lab1.divTest" tests="1" failures="0" timestamp="27 三月 2019 00:38:36 GMT" time="0.053" errors="0">
  <testcase name="divTestCase" time="0.053" classname="lab1.divTest"/>
</testsuite> <!-- lab1.divTest -->
